Build started 5/2/2017 10:56:17 PM.
     1>Project "C:\Users\Welcome\Desktop\Deadline @_@\UpData_GameSnake\Snake\main\main.vcxproj" on node 2 (Build target(s)).
     1>InitializeBuildStatus:
         Touching "Debug\main.unsuccessfulbuild".
       ClCompile:
         C:\Program Files (x86)\Microsoft Visual Studio 11.0\VC\bin\CL.exe /c /ZI /nologo /W3 /WX- /Od /Oy- /D WIN32 /D _DEBUG /D _CONSOLE /D _UNICODE /D UNICODE /Gm /EHsc /RTC1 /MDd /GS /fp:precise /Zc:wchar_t /Zc:forScope /Fo"Debug\\" /Fd"Debug\vc110.pdb" /Gd /TP /analyze- /errorReport:prompt "..\..\..\..\Deadline @_@\UpData_GameSnake\Snake\main\game.cpp"
         game.cpp
     1>c:\users\welcome\desktop\deadline @_@\updata_gamesnake\snake\main\game.cpp(39): warning C4996: 'getch': The POSIX name for this item is deprecated. Instead, use the ISO C++ conformant name: _getch. See online help for details.
                 c:\program files (x86)\microsoft visual studio 11.0\vc\include\conio.h(131) : see declaration of 'getch'
       Link:
         C:\Program Files (x86)\Microsoft Visual Studio 11.0\VC\bin\link.exe /ERRORREPORT:PROMPT /OUT:"C:\Users\Welcome\Desktop\Deadline @_@\UpData_GameSnake\Snake\Debug\main.exe" /INCREMENTAL /NOLOGO kernel32.lib user32.lib gdi32.lib winspool.lib comdlg32.lib advapi32.lib shell32.lib ole32.lib oleaut32.lib uuid.lib odbc32.lib odbccp32.lib /MANIFEST /MANIFESTUAC:"level='asInvoker' uiAccess='false'" /manifest:embed /DEBUG /PDB:"C:\Users\Welcome\Desktop\Deadline @_@\UpData_GameSnake\Snake\Debug\main.pdb" /SUBSYSTEM:CONSOLE /TLBID:1 /DYNAMICBASE /NXCOMPAT /IMPLIB:"C:\Users\Welcome\Desktop\Deadline @_@\UpData_GameSnake\Snake\Debug\main.lib" /MACHINE:X86 Debug\game.obj
         Debug\process.obj
     1>process.obj : error LNK2005: "void __cdecl TextColor(int)" (?TextColor@@YAXH@Z) already defined in game.obj
     1>process.obj : error LNK2005: "void __cdecl clrscr(void)" (?clrscr@@YAXXZ) already defined in game.obj
     1>process.obj : error LNK2005: "void __cdecl gotoXY(int,int)" (?gotoXY@@YAXHH@Z) already defined in game.obj
     1>process.obj : error LNK2005: "int __cdecl whereX(void)" (?whereX@@YAHXZ) already defined in game.obj
     1>process.obj : error LNK2005: "int __cdecl whereY(void)" (?whereY@@YAHXZ) already defined in game.obj
     1>C:\Users\Welcome\Desktop\Deadline @_@\UpData_GameSnake\Snake\Debug\main.exe : fatal error LNK1169: one or more multiply defined symbols found
     1>Done Building Project "C:\Users\Welcome\Desktop\Deadline @_@\UpData_GameSnake\Snake\main\main.vcxproj" (Build target(s)) -- FAILED.

Build FAILED.

Time Elapsed 00:00:01.70
